2023-01-31 10:37:56.120 [DEBU] {38ab9f2d4b443f17853f315092b2a9e0} [ 36 ms] [default] [shop] [rows:9  ] SHOW FULL COLUMNS FROM `admin_info`
2023-01-31 10:37:56.162 [DEBU] {38ab9f2d4b443f17853f315092b2a9e0} [ 42 ms] [default] [shop] [rows:1  ] INSERT INTO `admin_info`(`password`,`role_ids`,`user_salt`,`is_admin`,`created_at`,`name`,`updated_at`) VALUES('6fad6ffc4a7001a6594ddad1ea72d607','1','buP4dBhlAW',0,'2023-01-31 10:37:56','张三','2023-01-31 10:37:56') 
2023-01-31 10:38:50.836 [DEBU] {b8492feb57443f17863f3150a54279d0} [ 33 ms] [default] [shop] [rows:1  ] INSERT INTO `admin_info`(`password`,`updated_at`,`created_at`,`role_ids`,`user_salt`,`is_admin`,`name`) VALUES('682500b1ec28c8247fa21cb78263fdee','2023-01-31 10:38:50','2023-01-31 10:38:50','2','4rTFIY4xbP',0,'李四') 
2023-01-31 10:38:55.818 [ERRO] {d0a0b21059443f17873f31501bad393f} [ 87 ms] [default] [shop] [rows:0  ] INSERT INTO `admin_info`(`created_at`,`role_ids`,`user_salt`,`password`,`updated_at`,`is_admin`,`name`) VALUES('2023-01-31 10:38:55','2','b6uOMgwnWJ','9cbdab6ee0f69cb5319670554d1ab091','2023-01-31 10:38:55',0,'张三') 
Error: Error 1062: Duplicate entry '张三' for key 'admin_info.name_unique'
Stack:
1.  github.com/gogf/gf/v2/database/gdb.(*Core).writeSqlToLogger
    E:/go/pkg/mod/github.com/gogf/gf/v2@v2.3.0/database/gdb/gdb_core.go:663
2.  github.com/gogf/gf/v2/database/gdb.(*Core).DoCommit
    E:/go/pkg/mod/github.com/gogf/gf/v2@v2.3.0/database/gdb/gdb_core_underlying.go:278
3.  github.com/gogf/gf/v2/database/gdb.(*Core).DoExec
    E:/go/pkg/mod/github.com/gogf/gf/v2@v2.3.0/database/gdb/gdb_core_underlying.go:135
4.  github.com/gogf/gf/v2/database/gdb.(*Core).DoInsert
    E:/go/pkg/mod/github.com/gogf/gf/v2@v2.3.0/database/gdb/gdb_core.go:440
5.  github.com/gogf/gf/v2/database/gdb.(*HookInsertInput).Next
    E:/go/pkg/mod/github.com/gogf/gf/v2@v2.3.0/database/gdb/gdb_model_hook.go:122
6.  github.com/gogf/gf/v2/database/gdb.(*Model).doInsertWithOption
    E:/go/pkg/mod/github.com/gogf/gf/v2@v2.3.0/database/gdb/gdb_model_insert.go:371
7.  github.com/gogf/gf/v2/database/gdb.(*Model).InsertAndGetId
    E:/go/pkg/mod/github.com/gogf/gf/v2@v2.3.0/database/gdb/gdb_model_insert.go:202
8.  shop-goFrame-v2-test/internal/logic/admin.(*sAdmin).Create
    F:/code/shop-goFrame-v2-test/internal/logic/admin/admin.go:34
9.  shop-goFrame-v2-test/internal/controller.(*cAdmin).Create
    F:/code/shop-goFrame-v2-test/internal/controller/admin.go:17
10. github.com/gogf/gf/v2/net/ghttp.(*middleware).callHandlerFunc.func1
    E:/go/pkg/mod/github.com/gogf/gf/v2@v2.3.0/net/ghttp/ghttp_request_middleware.go:152
11. github.com/gogf/gf/v2/net/ghttp.niceCallFunc
    E:/go/pkg/mod/github.com/gogf/gf/v2@v2.3.0/net/ghttp/ghttp_func.go:55
12. github.com/gogf/gf/v2/net/ghttp.(*middleware).callHandlerFunc
    E:/go/pkg/mod/github.com/gogf/gf/v2@v2.3.0/net/ghttp/ghttp_request_middleware.go:129
13. github.com/gogf/gf/v2/net/ghttp.(*middleware).Next.func1
    E:/go/pkg/mod/github.com/gogf/gf/v2@v2.3.0/net/ghttp/ghttp_request_middleware.go:75
14. github.com/gogf/gf/v2/util/gutil.TryCatch
    E:/go/pkg/mod/github.com/gogf/gf/v2@v2.3.0/util/gutil/gutil.go:56
15. github.com/gogf/gf/v2/net/ghttp.(*middleware).Next
    E:/go/pkg/mod/github.com/gogf/gf/v2@v2.3.0/net/ghttp/ghttp_request_middleware.go:49
16. github.com/gogf/gf/v2/net/ghttp.MiddlewareHandlerResponse
    E:/go/pkg/mod/github.com/gogf/gf/v2@v2.3.0/net/ghttp/ghttp_middleware_handler_response.go:25
17. github.com/gogf/gf/v2/net/ghttp.(*middleware).Next.func1.1
    E:/go/pkg/mod/github.com/gogf/gf/v2@v2.3.0/net/ghttp/ghttp_request_middleware.go:55
18. github.com/gogf/gf/v2/net/ghttp.niceCallFunc
    E:/go/pkg/mod/github.com/gogf/gf/v2@v2.3.0/net/ghttp/ghttp_func.go:55
19. github.com/gogf/gf/v2/net/ghttp.(*middleware).Next.func1
    E:/go/pkg/mod/github.com/gogf/gf/v2@v2.3.0/net/ghttp/ghttp_request_middleware.go:54
20. github.com/gogf/gf/v2/util/gutil.TryCatch
    E:/go/pkg/mod/github.com/gogf/gf/v2@v2.3.0/util/gutil/gutil.go:56
21. github.com/gogf/gf/v2/net/ghttp.(*middleware).Next
    E:/go/pkg/mod/github.com/gogf/gf/v2@v2.3.0/net/ghttp/ghttp_request_middleware.go:49
22. github.com/gogf/gf/v2/net/ghttp.internalMiddlewareServerTracing
    E:/go/pkg/mod/github.com/gogf/gf/v2@v2.3.0/net/ghttp/ghttp_middleware_tracing.go:78
23. github.com/gogf/gf/v2/net/ghttp.(*middleware).Next.func1.5
    E:/go/pkg/mod/github.com/gogf/gf/v2@v2.3.0/net/ghttp/ghttp_request_middleware.go:96
24. github.com/gogf/gf/v2/net/ghttp.niceCallFunc
    E:/go/pkg/mod/github.com/gogf/gf/v2@v2.3.0/net/ghttp/ghttp_func.go:55
25. github.com/gogf/gf/v2/net/ghttp.(*middleware).Next.func1
    E:/go/pkg/mod/github.com/gogf/gf/v2@v2.3.0/net/ghttp/ghttp_request_middleware.go:95
26. github.com/gogf/gf/v2/util/gutil.TryCatch
    E:/go/pkg/mod/github.com/gogf/gf/v2@v2.3.0/util/gutil/gutil.go:56
27. github.com/gogf/gf/v2/net/ghttp.(*middleware).Next
    E:/go/pkg/mod/github.com/gogf/gf/v2@v2.3.0/net/ghttp/ghttp_request_middleware.go:49
28. github.com/gogf/gf/v2/net/ghttp.(*Server).ServeHTTP
    E:/go/pkg/mod/github.com/gogf/gf/v2@v2.3.0/net/ghttp/ghttp_server_handler.go:132

2023-01-31 10:41:14.463 [DEBU] {80f3c95d79443f17893f3150e410219e} [  3 ms] [default] [shop] [rows:2  ] SELECT `id`,`name`,`password`,`role_ids`,`created_at`,`updated_at`,`deleted_at`,`user_salt`,`is_admin` FROM `admin_info` WHERE `deleted_at` IS NULL LIMIT 0,10
2023-01-31 10:41:14.464 [DEBU] {80f3c95d79443f17893f3150e410219e} [  1 ms] [default] [shop] [rows:1  ] SELECT COUNT(1) FROM `admin_info` WHERE `deleted_at` IS NULL
2023-01-31 10:41:14.465 [DEBU] {80f3c95d79443f17893f3150e410219e} [  1 ms] [default] [shop] [rows:2  ] SELECT `id`,`name`,`role_ids`,`is_admin`,`created_at`,`updated_at` FROM `admin_info` WHERE `deleted_at` IS NULL LIMIT 0,10
2023-01-31 10:43:43.690 [DEBU] {fce6971b9c443f17bc7ce74f434f68cd} [ 16 ms] [default] [shop] [rows:0  ] [txid:1] BEGIN
2023-01-31 10:43:43.692 [DEBU] {fce6971b9c443f17bc7ce74f434f68cd} [  2 ms] [default] [shop] [rows:9  ] [txid:1] SHOW FULL COLUMNS FROM `admin_info`
2023-01-31 10:43:43.708 [DEBU] {fce6971b9c443f17bc7ce74f434f68cd} [ 15 ms] [default] [shop] [rows:1  ] [txid:1] UPDATE `admin_info` SET `name`='赵六',`updated_at`='2023-01-31 10:43:43',`user_salt`='',`password`='',`role_ids`='',`is_admin`=0 WHERE (`id`=16) AND `deleted_at` IS NULL
2023-01-31 10:43:43.726 [DEBU] {fce6971b9c443f17bc7ce74f434f68cd} [ 18 ms] [default] [shop] [rows:0  ] [txid:1] COMMIT
2023-01-31 10:48:12.966 [DEBU] {209f83ceda443f174cbb4424a28761bd} [  2 ms] [default] [shop] [rows:0  ] [txid:1] BEGIN
2023-01-31 10:48:12.970 [DEBU] {209f83ceda443f174cbb4424a28761bd} [  3 ms] [default] [shop] [rows:9  ] [txid:1] SHOW FULL COLUMNS FROM `admin_info`
2023-01-31 10:48:12.984 [DEBU] {209f83ceda443f174cbb4424a28761bd} [ 14 ms] [default] [shop] [rows:1  ] [txid:1] UPDATE `admin_info` SET `is_admin`=0,`name`='赵六',`updated_at`='2023-01-31 10:48:12',`user_salt`='GpSU8YutYq',`password`='91b76a6e783d843bf6dd32b89e168f92',`role_ids`='' WHERE (`id`=16) AND `deleted_at` IS NULL
2023-01-31 10:48:13.005 [DEBU] {209f83ceda443f174cbb4424a28761bd} [ 21 ms] [default] [shop] [rows:0  ] [txid:1] COMMIT
2023-01-31 10:48:37.561 [DEBU] {6c2ab088e0443f174dbb4424f74c4c3c} [  0 ms] [default] [shop] [rows:0  ] [txid:2] BEGIN
2023-01-31 10:48:37.562 [DEBU] {6c2ab088e0443f174dbb4424f74c4c3c} [  1 ms] [default] [shop] [rows:1  ] [txid:2] UPDATE `admin_info` SET `updated_at`='2023-01-31 10:48:37',`name`='张三',`password`='',`role_ids`='',`user_salt`='',`is_admin`=0 WHERE (`id`=16) AND `deleted_at` IS NULL
2023-01-31 10:48:37.583 [DEBU] {6c2ab088e0443f174dbb4424f74c4c3c} [ 20 ms] [default] [shop] [rows:0  ] [txid:2] COMMIT
2023-01-31 10:50:35.391 [DEBU] {0cc3f2f6fb443f175bfecc286922e1a4} [ 15 ms] [default] [shop] [rows:0  ] [txid:1] BEGIN
2023-01-31 10:50:35.398 [DEBU] {0cc3f2f6fb443f175bfecc286922e1a4} [  6 ms] [default] [shop] [rows:9  ] [txid:1] SHOW FULL COLUMNS FROM `admin_info`
2023-01-31 10:50:35.399 [DEBU] {0cc3f2f6fb443f175bfecc286922e1a4} [  1 ms] [default] [shop] [rows:1  ] [txid:1] UPDATE `admin_info` SET `updated_at`='2023-01-31 10:50:35',`name`='赵六' WHERE (`id`=16) AND `deleted_at` IS NULL
2023-01-31 10:50:35.423 [DEBU] {0cc3f2f6fb443f175bfecc286922e1a4} [ 24 ms] [default] [shop] [rows:0  ] [txid:1] COMMIT
2023-01-31 10:50:45.541 [DEBU] {0c1dd954fe443f175cfecc2890cb6acc} [  0 ms] [default] [shop] [rows:0  ] [txid:2] BEGIN
2023-01-31 10:50:45.543 [DEBU] {0c1dd954fe443f175cfecc2890cb6acc} [  1 ms] [default] [shop] [rows:1  ] [txid:2] UPDATE `admin_info` SET `name`='赵六',`updated_at`='2023-01-31 10:50:45',`user_salt`='tfew03fu0C',`password`='53336eee7463117a550f2d40870b468f' WHERE (`id`=16) AND `deleted_at` IS NULL
2023-01-31 10:50:45.560 [DEBU] {0c1dd954fe443f175cfecc2890cb6acc} [ 17 ms] [default] [shop] [rows:0  ] [txid:2] COMMIT
2023-01-31 10:50:59.539 [DEBU] {144e329701453f175dfecc2825c714a0} [  0 ms] [default] [shop] [rows:0  ] [txid:3] BEGIN
2023-01-31 10:50:59.540 [DEBU] {144e329701453f175dfecc2825c714a0} [  1 ms] [default] [shop] [rows:1  ] [txid:3] UPDATE `admin_info` SET `updated_at`='2023-01-31 10:50:59',`name`='赵六' WHERE (`id`=16) AND `deleted_at` IS NULL
2023-01-31 10:50:59.566 [DEBU] {144e329701453f175dfecc2825c714a0} [ 26 ms] [default] [shop] [rows:0  ] [txid:3] COMMIT
